2020-01-18 16:19:33,276 From C:\Anaconda\envs\tensorflow\lib\site-packages\tensorflow\python\ops\resource_variable_ops.py:435: colocate_with (from tensorflow.python.framework.ops) is deprecated and will be removed in a future version.
Instructions for updating:
Colocations handled automatically by placer.
2020-01-18 16:19:38,291 OPTION CHOSEN: 1
2020-01-18 16:19:38,291 5.jpg
2020-01-18 16:19:40,242 10.jpg
2020-01-18 16:19:41,476 15.jpg
2020-01-18 16:19:42,614 20.jpg
2020-01-18 16:19:43,747 25.jpg
2020-01-18 16:19:44,877 30.jpg
2020-01-18 16:19:46,022 35.jpg
2020-01-18 16:19:46,888 40.jpg
2020-01-18 16:19:47,730 45.jpg
2020-01-18 16:19:48,589 50.jpg
2020-01-18 16:19:49,449 55.jpg
2020-01-18 16:19:50,316 60.jpg
2020-01-18 16:19:51,192 65.jpg
2020-01-18 16:19:52,053 70.jpg
2020-01-18 16:19:52,913 75.jpg
2020-01-18 16:19:53,785 80.jpg
2020-01-18 16:19:54,655 85.jpg
2020-01-18 16:19:55,530 90.jpg
2020-01-18 16:19:56,409 95.jpg
2020-01-18 16:19:57,268 100.jpg
2020-01-18 16:19:58,186 105.jpg
2020-01-18 16:19:59,082 110.jpg
2020-01-18 16:19:59,985 115.jpg
2020-01-18 16:20:01,023 120.jpg
2020-01-18 16:20:01,929 125.jpg
2020-01-18 16:20:02,801 130.jpg
2020-01-18 16:20:04,370 135.jpg
2020-01-18 16:20:05,277 140.jpg
2020-01-18 16:20:06,177 145.jpg
2020-01-18 16:20:07,064 150.jpg
2020-01-18 16:20:07,949 155.jpg
2020-01-18 16:20:08,837 160.jpg
2020-01-18 16:20:09,715 165.jpg
2020-01-18 16:20:11,095 170.jpg
2020-01-18 16:20:12,015 175.jpg
2020-01-18 16:20:12,905 180.jpg
2020-01-18 16:20:14,018 185.jpg
2020-01-18 16:20:15,151 190.jpg
2020-01-18 16:20:16,283 195.jpg
2020-01-18 16:20:17,416 200.jpg
2020-01-18 16:20:18,562 205.jpg
2020-01-18 16:20:19,699 210.jpg
2020-01-18 16:20:20,831 215.jpg
2020-01-18 16:20:21,971 220.jpg
2020-01-18 16:20:23,112 225.jpg
2020-01-18 16:20:24,245 230.jpg
2020-01-18 16:20:25,378 235.jpg
2020-01-18 16:20:26,493 240.jpg
2020-01-18 16:20:27,728 245.jpg
2020-01-18 16:20:28,849 250.jpg
2020-01-18 16:20:30,016 255.jpg
2020-01-18 16:20:31,139 260.jpg
2020-01-18 16:20:32,286 265.jpg
2020-01-18 16:20:33,420 270.jpg
2020-01-18 16:20:34,561 275.jpg
2020-01-18 16:20:35,705 280.jpg
2020-01-18 16:20:36,844 285.jpg
2020-01-18 16:20:38,341 290.jpg
2020-01-18 16:20:40,001 295.jpg
2020-01-18 16:20:41,139 300.jpg
2020-01-18 16:20:42,272 305.jpg
2020-01-18 16:20:43,402 310.jpg
2020-01-18 16:20:44,530 315.jpg
2020-01-18 16:20:45,667 320.jpg
2020-01-18 16:20:46,808 325.jpg
2020-01-18 16:20:47,953 330.jpg
2020-01-18 16:20:49,108 335.jpg
2020-01-18 16:20:50,245 340.jpg
2020-01-18 16:20:51,386 345.jpg
2020-01-18 16:20:52,519 350.jpg
2020-01-18 16:20:53,648 355.jpg
2020-01-18 16:20:54,807 360.jpg
2020-01-18 16:20:55,961 365.jpg
2020-01-18 16:20:57,099 370.jpg
2020-01-18 16:20:58,249 375.jpg
2020-01-18 16:20:59,386 380.jpg
2020-01-18 16:21:00,516 385.jpg
2020-01-18 16:21:01,644 390.jpg
2020-01-18 16:21:02,780 395.jpg
2020-01-18 16:21:03,916 400.jpg
2020-01-18 16:21:05,059 405.jpg
2020-01-18 16:21:06,190 410.jpg
2020-01-18 16:21:07,324 415.jpg
2020-01-18 16:21:08,445 420.jpg
2020-01-18 16:21:09,580 425.jpg
2020-01-18 16:21:10,703 430.jpg
2020-01-18 16:21:11,846 435.jpg
2020-01-18 16:21:12,989 440.jpg
2020-01-18 16:21:14,129 445.jpg
2020-01-18 16:21:15,269 450.jpg
2020-01-18 16:21:16,417 455.jpg
2020-01-18 16:21:17,549 460.jpg
2020-01-18 16:21:18,689 465.jpg
2020-01-18 16:21:19,858 470.jpg
2020-01-18 16:21:21,055 475.jpg
2020-01-18 16:21:22,214 480.jpg
2020-01-18 16:21:23,376 485.jpg
2020-01-18 16:21:25,558 490.jpg
2020-01-18 16:21:28,543 495.jpg
2020-01-18 16:21:31,499 500.jpg
2020-01-18 16:21:34,462 505.jpg
2020-01-18 16:21:37,427 510.jpg
2020-01-18 16:21:40,564 515.jpg
2020-01-18 16:21:43,535 520.jpg
2020-01-18 16:21:46,527 525.jpg
2020-01-18 16:21:49,533 530.jpg
2020-01-18 16:21:52,516 535.jpg
2020-01-18 16:21:55,542 540.jpg
2020-01-18 16:21:58,522 545.jpg
2020-01-18 16:22:01,510 550.jpg
2020-01-18 16:22:04,468 555.jpg
2020-01-18 16:22:07,454 560.jpg
2020-01-18 16:22:10,444 565.jpg
2020-01-18 16:22:13,408 570.jpg
2020-01-18 16:22:16,364 575.jpg
2020-01-18 16:22:19,345 580.jpg
2020-01-18 16:22:22,306 585.jpg
2020-01-18 16:22:25,279 590.jpg
2020-01-18 16:22:28,276 595.jpg
2020-01-18 16:22:31,240 600.jpg
2020-01-18 16:22:34,173 605.jpg
2020-01-18 16:22:37,160 610.jpg
2020-01-18 16:22:38,470 615.jpg
2020-01-18 16:22:39,595 620.jpg
2020-01-18 16:22:40,720 625.jpg
2020-01-18 16:22:41,854 630.jpg
2020-01-18 16:22:42,997 635.jpg
2020-01-18 16:22:44,134 640.jpg
2020-01-18 16:22:45,278 645.jpg
2020-01-18 16:22:46,417 650.jpg
2020-01-18 16:22:47,544 655.jpg
2020-01-18 16:22:48,729 660.jpg
2020-01-18 16:22:49,913 665.jpg
2020-01-18 16:22:51,147 670.jpg
2020-01-18 16:22:52,343 675.jpg
2020-01-18 16:22:53,502 680.jpg
2020-01-18 16:22:54,650 685.jpg
2020-01-18 16:22:55,782 690.jpg
2020-01-18 16:22:56,913 695.jpg
2020-01-18 16:22:58,055 700.jpg
2020-01-18 16:22:59,200 705.jpg
2020-01-18 16:23:00,344 710.jpg
2020-01-18 16:23:01,476 715.jpg
2020-01-18 16:23:02,615 720.jpg
2020-01-18 16:23:03,750 725.jpg
2020-01-18 16:23:04,883 730.jpg
2020-01-18 16:23:06,014 735.jpg
2020-01-18 16:23:07,149 740.jpg
2020-01-18 16:23:08,282 745.jpg
2020-01-18 16:23:09,417 750.jpg
2020-01-18 16:23:10,549 755.jpg
2020-01-18 16:23:11,681 760.jpg
2020-01-18 16:23:12,822 765.jpg
2020-01-18 16:23:13,954 770.jpg
2020-01-18 16:23:15,089 775.jpg
2020-01-18 16:23:16,230 780.jpg
2020-01-18 16:23:17,399 785.jpg
2020-01-18 16:23:18,550 790.jpg
2020-01-18 16:23:19,683 795.jpg
2020-01-18 16:23:20,817 800.jpg
2020-01-18 16:23:21,952 805.jpg
2020-01-18 16:23:23,088 810.jpg
2020-01-18 16:23:24,226 815.jpg
2020-01-18 16:23:25,365 820.jpg
2020-01-18 16:23:26,506 825.jpg
2020-01-18 16:23:27,688 830.jpg
2020-01-18 16:23:28,867 835.jpg
2020-01-18 16:23:30,037 840.jpg
2020-01-18 16:23:31,226 845.jpg
2020-01-18 16:23:32,373 850.jpg
2020-01-18 16:23:33,506 855.jpg
2020-01-18 16:23:34,629 860.jpg
2020-01-18 16:23:35,773 865.jpg
2020-01-18 16:23:36,956 870.jpg
2020-01-18 16:23:38,108 875.jpg
2020-01-18 16:23:41,059 880.jpg
2020-01-18 16:23:44,146 885.jpg
2020-01-18 16:23:48,397 890.jpg
2020-01-18 16:23:51,440 895.jpg
2020-01-18 16:23:54,489 900.jpg
2020-01-18 16:23:57,541 905.jpg
2020-01-18 16:24:00,600 910.jpg
2020-01-18 16:24:03,666 915.jpg
2020-01-18 16:24:06,716 920.jpg
2020-01-18 16:24:09,730 925.jpg
2020-01-18 16:24:12,695 930.jpg
2020-01-18 16:24:15,656 935.jpg
2020-01-18 16:24:18,702 940.jpg
2020-01-18 16:24:21,707 945.jpg
2020-01-18 16:24:24,780 950.jpg
2020-01-18 16:24:27,777 955.jpg
2020-01-18 16:24:30,863 960.jpg
2020-01-18 16:24:33,832 965.jpg
2020-01-18 16:24:36,792 970.jpg
2020-01-18 16:24:39,765 975.jpg
2020-01-18 16:24:42,746 980.jpg
2020-01-18 16:24:45,715 985.jpg
2020-01-18 16:24:48,683 990.jpg
2020-01-18 16:24:51,650 995.jpg
2020-01-18 16:24:54,609 1000.jpg
2020-01-18 16:24:57,559 1005.jpg
2020-01-18 16:25:00,514 1010.jpg
2020-01-18 16:25:04,021 1015.jpg
2020-01-18 16:25:06,835 1020.jpg
2020-01-18 16:25:08,217 1025.jpg
2020-01-18 17:44:18,674 1030.jpg
2020-01-18 17:44:20,865 1035.jpg
2020-01-18 17:44:22,832 1040.jpg
2020-01-18 17:44:24,577 1045.jpg
2020-01-18 17:44:26,366 1050.jpg
2020-01-18 17:44:28,260 1055.jpg
2020-01-18 17:44:30,069 1060.jpg
2020-01-18 17:44:31,680 1065.jpg
2020-01-18 17:44:33,128 1070.jpg
2020-01-18 17:44:34,461 1075.jpg
2020-01-19 10:37:58,295 1080.jpg
2020-01-19 10:38:03,156 1085.jpg
2020-01-19 10:38:04,894 1090.jpg
2020-01-19 10:38:06,657 1095.jpg
2020-01-19 10:38:08,518 1100.jpg
2020-01-19 10:38:09,926 1105.jpg
2020-01-19 10:38:11,167 1110.jpg
2020-01-19 10:38:12,399 1115.jpg
2020-01-19 10:38:13,647 1120.jpg
2020-01-19 10:38:14,988 1125.jpg
2020-01-19 10:38:16,257 1130.jpg
